[debug] [2024-12-01T17:03:18.936Z] ----------------------------------------------------------------------
[debug] [2024-12-01T17:03:18.941Z] Command:       C:\Program Files\nodejs\node.exe C:\Users\HP\AppData\Roaming\npm\node_modules\firebase-tools\lib\bin\firebase.js emulators:start
[debug] [2024-12-01T17:03:18.941Z] CLI Version:   13.23.1
[debug] [2024-12-01T17:03:18.941Z] Platform:      win32
[debug] [2024-12-01T17:03:18.942Z] Node Version:  v20.15.1
[debug] [2024-12-01T17:03:18.942Z] Time:          Sun Dec 01 2024 20:03:18 GMT+0300 (East Africa Time)
[debug] [2024-12-01T17:03:18.942Z] ----------------------------------------------------------------------
[debug] 
[debug] [2024-12-01T17:03:18.947Z] >>> [apiv2][query] GET https://firebase-public.firebaseio.com/cli.json [none]
[debug] [2024-12-01T17:03:19.196Z] > command requires scopes: ["email","openid","https://www.googleapis.com/auth/cloudplatformprojects.readonly","https://www.googleapis.com/auth/firebase","https://www.googleapis.com/auth/cloud-platform"]
[debug] [2024-12-01T17:03:19.196Z] > authorizing via signed-in user (blenredwan@gmail.com)
[info] i  emulators: Starting emulators: functions, extensions {"metadata":{"emulator":{"name":"hub"},"message":"Starting emulators: functions, extensions"}}
[debug] [2024-12-01T17:03:19.202Z] Checked if tokens are valid: false, expires at: 1732819393337
[debug] [2024-12-01T17:03:19.203Z] Checked if tokens are valid: false, expires at: 1732819393337
[debug] [2024-12-01T17:03:19.203Z] > refreshing access token with scopes: []
[debug] [2024-12-01T17:03:19.205Z] >>> [apiv2][query] POST https://www.googleapis.com/oauth2/v3/token [none]
[debug] [2024-12-01T17:03:19.205Z] >>> [apiv2][body] POST https://www.googleapis.com/oauth2/v3/token [omitted]
[debug] [2024-12-01T17:03:20.325Z] <<< [apiv2][status] GET https://firebase-public.firebaseio.com/cli.json 200
[debug] [2024-12-01T17:03:20.326Z] <<< [apiv2][body] GET https://firebase-public.firebaseio.com/cli.json {"cloudBuildErrorAfter":1594252800000,"cloudBuildWarnAfter":1590019200000,"defaultNode10After":1594252800000,"minVersion":"3.0.5","node8DeploysDisabledAfter":1613390400000,"node8RuntimeDisabledAfter":1615809600000,"node8WarnAfter":1600128000000}
[debug] [2024-12-01T17:03:20.377Z] <<< [apiv2][status] POST https://www.googleapis.com/oauth2/v3/token 200
[debug] [2024-12-01T17:03:20.378Z] <<< [apiv2][body] POST https://www.googleapis.com/oauth2/v3/token [omitted]
[debug] [2024-12-01T17:03:20.389Z] >>> [apiv2][query] GET https://firebase.googleapis.com/v1beta1/projects/clone-f416e [none]
[debug] [2024-12-01T17:03:22.256Z] <<< [apiv2][status] GET https://firebase.googleapis.com/v1beta1/projects/clone-f416e 200
[debug] [2024-12-01T17:03:22.256Z] <<< [apiv2][body] GET https://firebase.googleapis.com/v1beta1/projects/clone-f416e {"projectId":"clone-f416e","projectNumber":"551694167913","displayName":"Amazon-clone","name":"projects/clone-f416e","resources":{"hostingSite":"clone-f416e"},"state":"ACTIVE","etag":"1_373f1357-87fd-43df-a647-a4c47f2c8451"}
[debug] [2024-12-01T17:03:22.291Z] [logging] Logging Emulator only supports listening on one address (127.0.0.1). Not listening on ::1
[debug] [2024-12-01T17:03:22.292Z] assigned listening specs for emulators {"user":{"hub":[{"address":"127.0.0.1","family":"IPv4","port":4400},{"address":"::1","family":"IPv6","port":4400}],"ui":[{"address":"127.0.0.1","family":"IPv4","port":4000},{"address":"::1","family":"IPv6","port":4000}],"logging":[{"address":"127.0.0.1","family":"IPv4","port":4500}]},"metadata":{"message":"assigned listening specs for emulators"}}
[warn] !  emulators: It seems that you are running multiple instances of the emulator suite for project clone-f416e. This may result in unexpected behavior. 
[debug] [2024-12-01T17:03:22.304Z] [hub] writing locator at C:\Users\HP\AppData\Local\Temp\hub-clone-f416e.json
[debug] [2024-12-01T17:03:22.319Z] [Extensions] Started Extensions emulator, this is a noop.
[debug] [2024-12-01T17:03:22.329Z] [functions] Functions Emulator only supports listening on one address (127.0.0.1). Not listening on ::1
[debug] [2024-12-01T17:03:22.329Z] [eventarc] Eventarc Emulator only supports listening on one address (127.0.0.1). Not listening on ::1
[debug] [2024-12-01T17:03:22.329Z] [tasks] Cloud Tasks Emulator only supports listening on one address (127.0.0.1). Not listening on ::1
[debug] [2024-12-01T17:03:22.329Z] late-assigned ports for functions and eventarc emulators {"user":{"hub":[{"address":"127.0.0.1","family":"IPv4","port":4400},{"address":"::1","family":"IPv6","port":4400}],"ui":[{"address":"127.0.0.1","family":"IPv4","port":4000},{"address":"::1","family":"IPv6","port":4000}],"logging":[{"address":"127.0.0.1","family":"IPv4","port":4500}],"functions":[{"address":"127.0.0.1","family":"IPv4","port":5001}],"eventarc":[{"address":"127.0.0.1","family":"IPv4","port":9299}],"tasks":[{"address":"127.0.0.1","family":"IPv4","port":9499}]},"metadata":{"message":"late-assigned ports for functions and eventarc emulators"}}
[warn] !  functions: The following emulators are not running, calls to these services from the Functions emulator will affect production: auth, firestore, database, hosting, pubsub, storage, dataconnect {"metadata":{"emulator":{"name":"functions"},"message":"The following emulators are not running, calls to these services from the Functions emulator will affect production: \u001b[1mauth, firestore, database, hosting, pubsub, storage, dataconnect\u001b[22m"}}
[debug] [2024-12-01T17:03:22.339Z] defaultcredentials: writing to file C:\Users\HP\AppData\Roaming\firebase\blenredwan_gmail_com_application_default_credentials.json
[debug] [2024-12-01T17:03:22.344Z] Setting GAC to C:\Users\HP\AppData\Roaming\firebase\blenredwan_gmail_com_application_default_credentials.json {"metadata":{"emulator":{"name":"functions"},"message":"Setting GAC to C:\\Users\\HP\\AppData\\Roaming\\firebase\\blenredwan_gmail_com_application_default_credentials.json"}}
[debug] [2024-12-01T17:03:22.345Z] Checked if tokens are valid: true, expires at: 1733076199378
[debug] [2024-12-01T17:03:22.345Z] Checked if tokens are valid: true, expires at: 1733076199378
[debug] [2024-12-01T17:03:22.346Z] >>> [apiv2][query] GET https://firebase.googleapis.com/v1beta1/projects/clone-f416e/adminSdkConfig [none]
[debug] [2024-12-01T17:03:22.892Z] <<< [apiv2][status] GET https://firebase.googleapis.com/v1beta1/projects/clone-f416e/adminSdkConfig 200
[debug] [2024-12-01T17:03:22.893Z] <<< [apiv2][body] GET https://firebase.googleapis.com/v1beta1/projects/clone-f416e/adminSdkConfig {"projectId":"clone-f416e","storageBucket":"clone-f416e.firebasestorage.app"}
[debug] [2024-12-01T17:03:22.984Z] Ignoring unsupported arg: auto_download {"metadata":{"emulator":{"name":"ui"},"message":"Ignoring unsupported arg: auto_download"}}
[debug] [2024-12-01T17:03:22.985Z] Ignoring unsupported arg: port {"metadata":{"emulator":{"name":"ui"},"message":"Ignoring unsupported arg: port"}}
[debug] [2024-12-01T17:03:22.985Z] Starting Emulator UI with command {"binary":"node","args":["C:\\Users\\HP\\.cache\\firebase\\emulators\\ui-v1.14.0\\server\\server.mjs"],"optionalArgs":[],"joinArgs":false,"shell":false,"port":4000} {"metadata":{"emulator":{"name":"ui"},"message":"Starting Emulator UI with command {\"binary\":\"node\",\"args\":[\"C:\\\\Users\\\\HP\\\\.cache\\\\firebase\\\\emulators\\\\ui-v1.14.0\\\\server\\\\server.mjs\"],\"optionalArgs\":[],\"joinArgs\":false,\"shell\":false,\"port\":4000}"}}
[info] i  ui: Emulator UI logging to ui-debug.log {"metadata":{"emulator":{"name":"ui"},"message":"Emulator UI logging to \u001b[1mui-debug.log\u001b[22m"}}
[debug] [2024-12-01T17:03:23.231Z] Web / API server started at 127.0.0.1:4000
 {"metadata":{"emulator":{"name":"ui"},"message":"Web / API server started at 127.0.0.1:4000\n"}}
[debug] [2024-12-01T17:03:23.231Z] Web / API server started at ::1:4000
 {"metadata":{"emulator":{"name":"ui"},"message":"Web / API server started at ::1:4000\n"}}
[debug] [2024-12-01T17:03:23.433Z] [Extensions] Connecting Extensions emulator, this is a noop.
[info] i  functions: Watching "C:\Users\HP\Documents\OTHER FOLDERS\WEB PROJECTES\react-app\amazon-clone\functions" for Cloud Functions... {"metadata":{"emulator":{"name":"functions"},"message":"Watching \"C:\\Users\\HP\\Documents\\OTHER FOLDERS\\WEB PROJECTES\\react-app\\amazon-clone\\functions\" for Cloud Functions..."}}
[debug] [2024-12-01T17:03:23.475Z] Validating nodejs source
[warn] !  functions: package.json indicates an outdated version of firebase-functions. Please upgrade using npm install --save firebase-functions@latest in your functions directory. 
[debug] [2024-12-01T17:03:25.757Z] > [functions] package.json contents: {
  "name": "functions",
  "description": "Cloud Functions for Firebase",
  "scripts": {
    "lint": "eslint .",
    "serve": "firebase emulators:start --only functions",
    "shell": "firebase functions:shell",
    "start": "npm run shell",
    "deploy": "firebase deploy --only functions",
    "logs": "firebase functions:log"
  },
  "engines": {
    "node": "18"
  },
  "main": "index.js",
  "dependencies": {
    "cors": "^2.8.5",
    "express": "^4.21.1",
    "firebase-admin": "^12.6.0",
    "firebase-functions": "^6.0.1",
    "stripe": "^17.4.0"
  },
  "devDependencies": {
    "eslint": "^8.15.0",
    "eslint-config-google": "^0.14.0",
    "firebase-functions-test": "^3.1.0"
  },
  "private": true
}
[debug] [2024-12-01T17:03:25.758Z] Building nodejs source
[debug] [2024-12-01T17:03:25.759Z] Failed to find version of module node: reached end of search path C:\Users\HP\Documents\OTHER FOLDERS\WEB PROJECTES\react-app\amazon-clone\functions\node_modules
[warn] !  functions: Your requested "node" version "18" doesn't match your global version "20". Using node@20 from host. 
[debug] [2024-12-01T17:03:25.765Z] Could not find functions.yaml. Must use http discovery
[debug] [2024-12-01T17:03:25.777Z] Found firebase-functions binary at 'C:\Users\HP\Documents\OTHER FOLDERS\WEB PROJECTES\react-app\amazon-clone\functions\node_modules\.bin\firebase-functions'
[info] Serving at port 8837

[debug] [2024-12-01T17:03:27.740Z] Got response from /__/functions.yaml {"endpoints":{"api":{"availableMemoryMb":null,"timeoutSeconds":null,"minInstances":null,"maxInstances":null,"ingressSettings":null,"concurrency":null,"serviceAccountEmail":null,"vpc":null,"platform":"gcfv2","labels":{},"httpsTrigger":{},"entryPoint":"api"}},"specVersion":"v1alpha1","requiredAPIs":[],"extensions":{}}
[debug] [2024-12-01T17:03:32.803Z] defaultcredentials: writing to file C:\Users\HP\AppData\Roaming\firebase\blenredwan_gmail_com_application_default_credentials.json
[debug] [2024-12-01T17:03:32.806Z] Setting GAC to C:\Users\HP\AppData\Roaming\firebase\blenredwan_gmail_com_application_default_credentials.json {"metadata":{"emulator":{"name":"functions"},"message":"Setting GAC to C:\\Users\\HP\\AppData\\Roaming\\firebase\\blenredwan_gmail_com_application_default_credentials.json"}}
[info] +  functions: Loaded functions definitions from source: api. {"metadata":{"emulator":{"name":"functions"},"message":"Loaded functions definitions from source: api."}}
[info] +  functions[us-central1-api]: http function initialized (http://127.0.0.1:5001/clone-f416e/us-central1/api). {"metadata":{"emulator":{"name":"functions"},"message":"\u001b[1mhttp\u001b[22m function initialized (http://127.0.0.1:5001/clone-f416e/us-central1/api)."}}
[debug] [2024-12-01T17:03:32.835Z] Could not find VSCode notification endpoint: FetchError: request to http://localhost:40001/vscode/notify failed, reason: . If you are not running the Firebase Data Connect VSCode extension, this is expected and not an issue.
[info] 
┌─────────────────────────────────────────────────────────────┐
│ ✔  All emulators ready! It is now safe to connect your app. │
│ i  View Emulator UI at http://127.0.0.1:4000/               │
└─────────────────────────────────────────────────────────────┘

┌────────────┬────────────────┬──────────────────────────────────┐
│ Emulator   │ Host:Port      │ View in Emulator UI              │
├────────────┼────────────────┼──────────────────────────────────┤
│ Functions  │ 127.0.0.1:5001 │ http://127.0.0.1:4000/functions  │
├────────────┼────────────────┼──────────────────────────────────┤
│ Extensions │ 127.0.0.1:5001 │ http://127.0.0.1:4000/extensions │
└────────────┴────────────────┴──────────────────────────────────┘
  Emulator Hub running at 127.0.0.1:4400
  Other reserved ports: 4500
┌─────────────────────────┬───────────────┬─────────────────────┐
│ Extension Instance Name │ Extension Ref │ View in Emulator UI │
└─────────────────────────┴───────────────┴─────────────────────┘
Issues? Report them at https://github.com/firebase/firebase-tools/issues and attach the *-debug.log files.
 
[debug] [2024-12-01T17:04:28.654Z] [work-queue] {"queuedWork":["/clone-f416e/us-central1/api/payments/create-2024-12-01T17:04:28.654Z"],"queueLength":1,"runningWork":[],"workRunningCount":0}
[debug] [2024-12-01T17:04:28.656Z] [work-queue] {"queuedWork":[],"queueLength":0,"runningWork":["/clone-f416e/us-central1/api/payments/create-2024-12-01T17:04:28.654Z"],"workRunningCount":1}
[debug] [2024-12-01T17:04:28.657Z] Accepted request POST /clone-f416e/us-central1/api/payments/create?total=43899 --> us-central1-api
[debug] [2024-12-01T17:04:28.667Z] [functions] Runtime ready! Sending request! {"metadata":{"emulator":{"name":"functions"},"message":"[functions] Runtime ready! Sending request!"}}
[debug] [2024-12-01T17:04:28.668Z] [functions] Got req.url=/clone-f416e/us-central1/api/payments/create?total=43899, mapping to path=/payments/create?total=43899 {"metadata":{"emulator":{"name":"functions"},"message":"[functions] Got req.url=/clone-f416e/us-central1/api/payments/create?total=43899, mapping to path=/payments/create?total=43899"}}
[debug] [2024-12-01T17:04:28.686Z] [worker-pool] addWorker(us-central1-api) {"metadata":{"emulator":{"name":"functions"},"message":"[worker-pool] addWorker(us-central1-api)"}}
[debug] [2024-12-01T17:04:28.688Z] [worker-pool] Adding worker with key us-central1-api, total=1 {"metadata":{"emulator":{"name":"functions"},"message":"[worker-pool] Adding worker with key us-central1-api, total=1"}}
[debug] [2024-12-01T17:04:28.695Z] [work-queue] {"queuedWork":["/clone-f416e/us-central1/api/payments/create-2024-12-01T17:04:28.695Z"],"queueLength":1,"runningWork":["/clone-f416e/us-central1/api/payments/create-2024-12-01T17:04:28.654Z"],"workRunningCount":1}
[debug] [2024-12-01T17:04:28.695Z] [work-queue] {"queuedWork":[],"queueLength":0,"runningWork":["/clone-f416e/us-central1/api/payments/create-2024-12-01T17:04:28.654Z","/clone-f416e/us-central1/api/payments/create-2024-12-01T17:04:28.695Z"],"workRunningCount":2}
[debug] [2024-12-01T17:04:28.695Z] Accepted request POST /clone-f416e/us-central1/api/payments/create?total=43899 --> us-central1-api
[debug] [2024-12-01T17:04:28.700Z] [functions] Runtime ready! Sending request! {"metadata":{"emulator":{"name":"functions"},"message":"[functions] Runtime ready! Sending request!"}}
[debug] [2024-12-01T17:04:28.700Z] [functions] Got req.url=/clone-f416e/us-central1/api/payments/create?total=43899, mapping to path=/payments/create?total=43899 {"metadata":{"emulator":{"name":"functions"},"message":"[functions] Got req.url=/clone-f416e/us-central1/api/payments/create?total=43899, mapping to path=/payments/create?total=43899"}}
[debug] [2024-12-01T17:04:28.712Z] [worker-pool] addWorker(us-central1-api) {"metadata":{"emulator":{"name":"functions"},"message":"[worker-pool] addWorker(us-central1-api)"}}
[debug] [2024-12-01T17:04:28.712Z] [worker-pool] Adding worker with key us-central1-api, total=2 {"metadata":{"emulator":{"name":"functions"},"message":"[worker-pool] Adding worker with key us-central1-api, total=2"}}
[debug] [2024-12-01T17:04:31.251Z] [runtime-status] [30532] Resolved module firebase-admin {"declared":true,"installed":true,"version":"12.7.0","resolution":"C:\\Users\\HP\\Documents\\OTHER FOLDERS\\WEB PROJECTES\\react-app\\amazon-clone\\functions\\node_modules\\firebase-admin\\lib\\index.js"} {"metadata":{"emulator":{"name":"functions"},"function":{"name":"us-central1-api"},"extension":{},"message":"[runtime-status] [30532] Resolved module firebase-admin {\"declared\":true,\"installed\":true,\"version\":\"12.7.0\",\"resolution\":\"C:\\\\Users\\\\HP\\\\Documents\\\\OTHER FOLDERS\\\\WEB PROJECTES\\\\react-app\\\\amazon-clone\\\\functions\\\\node_modules\\\\firebase-admin\\\\lib\\\\index.js\"}"}}
[debug] [2024-12-01T17:04:31.251Z] [runtime-status] [3760] Resolved module firebase-admin {"declared":true,"installed":true,"version":"12.7.0","resolution":"C:\\Users\\HP\\Documents\\OTHER FOLDERS\\WEB PROJECTES\\react-app\\amazon-clone\\functions\\node_modules\\firebase-admin\\lib\\index.js"} {"metadata":{"emulator":{"name":"functions"},"function":{"name":"us-central1-api"},"extension":{},"message":"[runtime-status] [3760] Resolved module firebase-admin {\"declared\":true,\"installed\":true,\"version\":\"12.7.0\",\"resolution\":\"C:\\\\Users\\\\HP\\\\Documents\\\\OTHER FOLDERS\\\\WEB PROJECTES\\\\react-app\\\\amazon-clone\\\\functions\\\\node_modules\\\\firebase-admin\\\\lib\\\\index.js\"}"}}
[debug] [2024-12-01T17:04:31.254Z] [runtime-status] [3760] Resolved module firebase-functions {"declared":true,"installed":true,"version":"6.1.0","resolution":"C:\\Users\\HP\\Documents\\OTHER FOLDERS\\WEB PROJECTES\\react-app\\amazon-clone\\functions\\node_modules\\firebase-functions\\lib\\v2\\index.js"} {"metadata":{"emulator":{"name":"functions"},"function":{"name":"us-central1-api"},"extension":{},"message":"[runtime-status] [3760] Resolved module firebase-functions {\"declared\":true,\"installed\":true,\"version\":\"6.1.0\",\"resolution\":\"C:\\\\Users\\\\HP\\\\Documents\\\\OTHER FOLDERS\\\\WEB PROJECTES\\\\react-app\\\\amazon-clone\\\\functions\\\\node_modules\\\\firebase-functions\\\\lib\\\\v2\\\\index.js\"}"}}
[debug] [2024-12-01T17:04:31.254Z] [runtime-status] [30532] Resolved module firebase-functions {"declared":true,"installed":true,"version":"6.1.0","resolution":"C:\\Users\\HP\\Documents\\OTHER FOLDERS\\WEB PROJECTES\\react-app\\amazon-clone\\functions\\node_modules\\firebase-functions\\lib\\v2\\index.js"} {"metadata":{"emulator":{"name":"functions"},"function":{"name":"us-central1-api"},"extension":{},"message":"[runtime-status] [30532] Resolved module firebase-functions {\"declared\":true,\"installed\":true,\"version\":\"6.1.0\",\"resolution\":\"C:\\\\Users\\\\HP\\\\Documents\\\\OTHER FOLDERS\\\\WEB PROJECTES\\\\react-app\\\\amazon-clone\\\\functions\\\\node_modules\\\\firebase-functions\\\\lib\\\\v2\\\\index.js\"}"}}
[debug] [2024-12-01T17:04:31.255Z] [runtime-status] [30532] Outgoing network have been stubbed. [{"name":"http","status":"mocked"},{"name":"http","status":"mocked"},{"name":"https","status":"mocked"},{"name":"https","status":"mocked"},{"name":"net","status":"mocked"}] {"metadata":{"emulator":{"name":"functions"},"function":{"name":"us-central1-api"},"extension":{},"message":"[runtime-status] [30532] Outgoing network have been stubbed. [{\"name\":\"http\",\"status\":\"mocked\"},{\"name\":\"http\",\"status\":\"mocked\"},{\"name\":\"https\",\"status\":\"mocked\"},{\"name\":\"https\",\"status\":\"mocked\"},{\"name\":\"net\",\"status\":\"mocked\"}]"}}
[debug] [2024-12-01T17:04:31.255Z] [runtime-status] [3760] Outgoing network have been stubbed. [{"name":"http","status":"mocked"},{"name":"http","status":"mocked"},{"name":"https","status":"mocked"},{"name":"https","status":"mocked"},{"name":"net","status":"mocked"}] {"metadata":{"emulator":{"name":"functions"},"function":{"name":"us-central1-api"},"extension":{},"message":"[runtime-status] [3760] Outgoing network have been stubbed. [{\"name\":\"http\",\"status\":\"mocked\"},{\"name\":\"http\",\"status\":\"mocked\"},{\"name\":\"https\",\"status\":\"mocked\"},{\"name\":\"https\",\"status\":\"mocked\"},{\"name\":\"net\",\"status\":\"mocked\"}]"}}
[debug] [2024-12-01T17:04:31.257Z] [runtime-status] [30532] Resolved module firebase-functions {"declared":true,"installed":true,"version":"6.1.0","resolution":"C:\\Users\\HP\\Documents\\OTHER FOLDERS\\WEB PROJECTES\\react-app\\amazon-clone\\functions\\node_modules\\firebase-functions\\lib\\v2\\index.js"} {"metadata":{"emulator":{"name":"functions"},"function":{"name":"us-central1-api"},"extension":{},"message":"[runtime-status] [30532] Resolved module firebase-functions {\"declared\":true,\"installed\":true,\"version\":\"6.1.0\",\"resolution\":\"C:\\\\Users\\\\HP\\\\Documents\\\\OTHER FOLDERS\\\\WEB PROJECTES\\\\react-app\\\\amazon-clone\\\\functions\\\\node_modules\\\\firebase-functions\\\\lib\\\\v2\\\\index.js\"}"}}
[debug] [2024-12-01T17:04:31.257Z] [runtime-status] [3760] Resolved module firebase-functions {"declared":true,"installed":true,"version":"6.1.0","resolution":"C:\\Users\\HP\\Documents\\OTHER FOLDERS\\WEB PROJECTES\\react-app\\amazon-clone\\functions\\node_modules\\firebase-functions\\lib\\v2\\index.js"} {"metadata":{"emulator":{"name":"functions"},"function":{"name":"us-central1-api"},"extension":{},"message":"[runtime-status] [3760] Resolved module firebase-functions {\"declared\":true,\"installed\":true,\"version\":\"6.1.0\",\"resolution\":\"C:\\\\Users\\\\HP\\\\Documents\\\\OTHER FOLDERS\\\\WEB PROJECTES\\\\react-app\\\\amazon-clone\\\\functions\\\\node_modules\\\\firebase-functions\\\\lib\\\\v2\\\\index.js\"}"}}
[debug] [2024-12-01T17:04:31.808Z] [runtime-status] [3760] Checked functions.config() {"config":{}} {"metadata":{"emulator":{"name":"functions"},"function":{"name":"us-central1-api"},"extension":{},"message":"[runtime-status] [3760] Checked functions.config() {\"config\":{}}"}}
[debug] [2024-12-01T17:04:31.809Z] [runtime-status] [3760] firebase-functions has been stubbed. {"functionsResolution":{"declared":true,"installed":true,"version":"6.1.0","resolution":"C:\\Users\\HP\\Documents\\OTHER FOLDERS\\WEB PROJECTES\\react-app\\amazon-clone\\functions\\node_modules\\firebase-functions\\lib\\v2\\index.js"}} {"metadata":{"emulator":{"name":"functions"},"function":{"name":"us-central1-api"},"extension":{},"message":"[runtime-status] [3760] firebase-functions has been stubbed. {\"functionsResolution\":{\"declared\":true,\"installed\":true,\"version\":\"6.1.0\",\"resolution\":\"C:\\\\Users\\\\HP\\\\Documents\\\\OTHER FOLDERS\\\\WEB PROJECTES\\\\react-app\\\\amazon-clone\\\\functions\\\\node_modules\\\\firebase-functions\\\\lib\\\\v2\\\\index.js\"}}"}}
[debug] [2024-12-01T17:04:31.811Z] [runtime-status] [30532] Checked functions.config() {"config":{}} {"metadata":{"emulator":{"name":"functions"},"function":{"name":"us-central1-api"},"extension":{},"message":"[runtime-status] [30532] Checked functions.config() {\"config\":{}}"}}
[debug] [2024-12-01T17:04:31.811Z] [runtime-status] [3760] Resolved module firebase-functions {"declared":true,"installed":true,"version":"6.1.0","resolution":"C:\\Users\\HP\\Documents\\OTHER FOLDERS\\WEB PROJECTES\\react-app\\amazon-clone\\functions\\node_modules\\firebase-functions\\lib\\v2\\index.js"} {"metadata":{"emulator":{"name":"functions"},"function":{"name":"us-central1-api"},"extension":{},"message":"[runtime-status] [3760] Resolved module firebase-functions {\"declared\":true,\"installed\":true,\"version\":\"6.1.0\",\"resolution\":\"C:\\\\Users\\\\HP\\\\Documents\\\\OTHER FOLDERS\\\\WEB PROJECTES\\\\react-app\\\\amazon-clone\\\\functions\\\\node_modules\\\\firebase-functions\\\\lib\\\\v2\\\\index.js\"}"}}
[debug] [2024-12-01T17:04:31.812Z] [runtime-status] [30532] firebase-functions has been stubbed. {"functionsResolution":{"declared":true,"installed":true,"version":"6.1.0","resolution":"C:\\Users\\HP\\Documents\\OTHER FOLDERS\\WEB PROJECTES\\react-app\\amazon-clone\\functions\\node_modules\\firebase-functions\\lib\\v2\\index.js"}} {"metadata":{"emulator":{"name":"functions"},"function":{"name":"us-central1-api"},"extension":{},"message":"[runtime-status] [30532] firebase-functions has been stubbed. {\"functionsResolution\":{\"declared\":true,\"installed\":true,\"version\":\"6.1.0\",\"resolution\":\"C:\\\\Users\\\\HP\\\\Documents\\\\OTHER FOLDERS\\\\WEB PROJECTES\\\\react-app\\\\amazon-clone\\\\functions\\\\node_modules\\\\firebase-functions\\\\lib\\\\v2\\\\index.js\"}}"}}
[debug] [2024-12-01T17:04:31.815Z] [runtime-status] [30532] Resolved module firebase-functions {"declared":true,"installed":true,"version":"6.1.0","resolution":"C:\\Users\\HP\\Documents\\OTHER FOLDERS\\WEB PROJECTES\\react-app\\amazon-clone\\functions\\node_modules\\firebase-functions\\lib\\v2\\index.js"} {"metadata":{"emulator":{"name":"functions"},"function":{"name":"us-central1-api"},"extension":{},"message":"[runtime-status] [30532] Resolved module firebase-functions {\"declared\":true,\"installed\":true,\"version\":\"6.1.0\",\"resolution\":\"C:\\\\Users\\\\HP\\\\Documents\\\\OTHER FOLDERS\\\\WEB PROJECTES\\\\react-app\\\\amazon-clone\\\\functions\\\\node_modules\\\\firebase-functions\\\\lib\\\\v2\\\\index.js\"}"}}
[debug] [2024-12-01T17:04:31.830Z] [runtime-status] [30532] Resolved module firebase-admin {"declared":true,"installed":true,"version":"12.7.0","resolution":"C:\\Users\\HP\\Documents\\OTHER FOLDERS\\WEB PROJECTES\\react-app\\amazon-clone\\functions\\node_modules\\firebase-admin\\lib\\index.js"} {"metadata":{"emulator":{"name":"functions"},"function":{"name":"us-central1-api"},"extension":{},"message":"[runtime-status] [30532] Resolved module firebase-admin {\"declared\":true,\"installed\":true,\"version\":\"12.7.0\",\"resolution\":\"C:\\\\Users\\\\HP\\\\Documents\\\\OTHER FOLDERS\\\\WEB PROJECTES\\\\react-app\\\\amazon-clone\\\\functions\\\\node_modules\\\\firebase-admin\\\\lib\\\\index.js\"}"}}
[debug] [2024-12-01T17:04:31.830Z] [runtime-status] [3760] Resolved module firebase-admin {"declared":true,"installed":true,"version":"12.7.0","resolution":"C:\\Users\\HP\\Documents\\OTHER FOLDERS\\WEB PROJECTES\\react-app\\amazon-clone\\functions\\node_modules\\firebase-admin\\lib\\index.js"} {"metadata":{"emulator":{"name":"functions"},"function":{"name":"us-central1-api"},"extension":{},"message":"[runtime-status] [3760] Resolved module firebase-admin {\"declared\":true,\"installed\":true,\"version\":\"12.7.0\",\"resolution\":\"C:\\\\Users\\\\HP\\\\Documents\\\\OTHER FOLDERS\\\\WEB PROJECTES\\\\react-app\\\\amazon-clone\\\\functions\\\\node_modules\\\\firebase-admin\\\\lib\\\\index.js\"}"}}
[debug] [2024-12-01T17:04:31.839Z] [runtime-status] [30532] Resolved module firebase-functions {"declared":true,"installed":true,"version":"6.1.0","resolution":"C:\\Users\\HP\\Documents\\OTHER FOLDERS\\WEB PROJECTES\\react-app\\amazon-clone\\functions\\node_modules\\firebase-functions\\lib\\v2\\index.js"} {"metadata":{"emulator":{"name":"functions"},"function":{"name":"us-central1-api"},"extension":{},"message":"[runtime-status] [30532] Resolved module firebase-functions {\"declared\":true,\"installed\":true,\"version\":\"6.1.0\",\"resolution\":\"C:\\\\Users\\\\HP\\\\Documents\\\\OTHER FOLDERS\\\\WEB PROJECTES\\\\react-app\\\\amazon-clone\\\\functions\\\\node_modules\\\\firebase-functions\\\\lib\\\\v2\\\\index.js\"}"}}
[debug] [2024-12-01T17:04:31.839Z] [runtime-status] [3760] Resolved module firebase-functions {"declared":true,"installed":true,"version":"6.1.0","resolution":"C:\\Users\\HP\\Documents\\OTHER FOLDERS\\WEB PROJECTES\\react-app\\amazon-clone\\functions\\node_modules\\firebase-functions\\lib\\v2\\index.js"} {"metadata":{"emulator":{"name":"functions"},"function":{"name":"us-central1-api"},"extension":{},"message":"[runtime-status] [3760] Resolved module firebase-functions {\"declared\":true,\"installed\":true,\"version\":\"6.1.0\",\"resolution\":\"C:\\\\Users\\\\HP\\\\Documents\\\\OTHER FOLDERS\\\\WEB PROJECTES\\\\react-app\\\\amazon-clone\\\\functions\\\\node_modules\\\\firebase-functions\\\\lib\\\\v2\\\\index.js\"}"}}
[debug] [2024-12-01T17:04:31.840Z] [runtime-status] [3760] firebase-admin has been stubbed. {"adminResolution":{"declared":true,"installed":true,"version":"12.7.0","resolution":"C:\\Users\\HP\\Documents\\OTHER FOLDERS\\WEB PROJECTES\\react-app\\amazon-clone\\functions\\node_modules\\firebase-admin\\lib\\index.js"}} {"metadata":{"emulator":{"name":"functions"},"function":{"name":"us-central1-api"},"extension":{},"message":"[runtime-status] [3760] firebase-admin has been stubbed. {\"adminResolution\":{\"declared\":true,\"installed\":true,\"version\":\"12.7.0\",\"resolution\":\"C:\\\\Users\\\\HP\\\\Documents\\\\OTHER FOLDERS\\\\WEB PROJECTES\\\\react-app\\\\amazon-clone\\\\functions\\\\node_modules\\\\firebase-admin\\\\lib\\\\index.js\"}}"}}
[debug] [2024-12-01T17:04:31.841Z] [runtime-status] [30532] firebase-admin has been stubbed. {"adminResolution":{"declared":true,"installed":true,"version":"12.7.0","resolution":"C:\\Users\\HP\\Documents\\OTHER FOLDERS\\WEB PROJECTES\\react-app\\amazon-clone\\functions\\node_modules\\firebase-admin\\lib\\index.js"}} {"metadata":{"emulator":{"name":"functions"},"function":{"name":"us-central1-api"},"extension":{},"message":"[runtime-status] [30532] firebase-admin has been stubbed. {\"adminResolution\":{\"declared\":true,\"installed\":true,\"version\":\"12.7.0\",\"resolution\":\"C:\\\\Users\\\\HP\\\\Documents\\\\OTHER FOLDERS\\\\WEB PROJECTES\\\\react-app\\\\amazon-clone\\\\functions\\\\node_modules\\\\firebase-admin\\\\lib\\\\index.js\"}}"}}
[debug] [2024-12-01T17:04:32.369Z] [runtime-status] [3760] Functions runtime initialized. {"cwd":"C:\\Users\\HP\\Documents\\OTHER FOLDERS\\WEB PROJECTES\\react-app\\amazon-clone\\functions","node_version":"20.15.1"} {"metadata":{"emulator":{"name":"functions"},"function":{"name":"us-central1-api"},"extension":{},"message":"[runtime-status] [3760] Functions runtime initialized. {\"cwd\":\"C:\\\\Users\\\\HP\\\\Documents\\\\OTHER FOLDERS\\\\WEB PROJECTES\\\\react-app\\\\amazon-clone\\\\functions\",\"node_version\":\"20.15.1\"}"}}
[debug] [2024-12-01T17:04:32.370Z] [runtime-status] [30532] Functions runtime initialized. {"cwd":"C:\\Users\\HP\\Documents\\OTHER FOLDERS\\WEB PROJECTES\\react-app\\amazon-clone\\functions","node_version":"20.15.1"} {"metadata":{"emulator":{"name":"functions"},"function":{"name":"us-central1-api"},"extension":{},"message":"[runtime-status] [30532] Functions runtime initialized. {\"cwd\":\"C:\\\\Users\\\\HP\\\\Documents\\\\OTHER FOLDERS\\\\WEB PROJECTES\\\\react-app\\\\amazon-clone\\\\functions\",\"node_version\":\"20.15.1\"}"}}
[debug] [2024-12-01T17:04:32.371Z] [runtime-status] [3760] Listening to port: \\?\pipe\fire_emu_b517a9c13a4ae8a3 {"metadata":{"emulator":{"name":"functions"},"function":{"name":"us-central1-api"},"extension":{},"message":"[runtime-status] [3760] Listening to port: \\\\?\\pipe\\fire_emu_b517a9c13a4ae8a3"}}
[debug] [2024-12-01T17:04:32.372Z] [runtime-status] [30532] Listening to port: \\?\pipe\fire_emu_bb5f8299e9aadb57 {"metadata":{"emulator":{"name":"functions"},"function":{"name":"us-central1-api"},"extension":{},"message":"[runtime-status] [30532] Listening to port: \\\\?\\pipe\\fire_emu_bb5f8299e9aadb57"}}
[debug] [2024-12-01T17:04:32.428Z] [worker-us-central1-api-5e525646-69df-41f7-b5d5-d579217c87f8]: IDLE {"metadata":{"emulator":{"name":"functions"},"function":{"name":"us-central1-api"},"extension":{},"message":"[worker-us-central1-api-5e525646-69df-41f7-b5d5-d579217c87f8]: IDLE"}}
[debug] [2024-12-01T17:04:32.428Z] [worker-pool] submitRequest(triggerId=us-central1-api) {"metadata":{"emulator":{"name":"functions"},"message":"[worker-pool] submitRequest(triggerId=us-central1-api)"}}
[info] i  functions: Beginning execution of "us-central1-api" {"metadata":{"emulator":{"name":"functions"},"function":{"name":"us-central1-api"},"extension":{},"message":"Beginning execution of \"us-central1-api\""}}
[debug] [2024-12-01T17:04:32.430Z] [worker-us-central1-api-5e525646-69df-41f7-b5d5-d579217c87f8]: BUSY {"metadata":{"emulator":{"name":"functions"},"function":{"name":"us-central1-api"},"extension":{},"message":"[worker-us-central1-api-5e525646-69df-41f7-b5d5-d579217c87f8]: BUSY"}}
[debug] [2024-12-01T17:04:32.455Z] [worker-us-central1-api-66641b46-e8fa-4701-b85a-6d58e30be4f6]: IDLE {"metadata":{"emulator":{"name":"functions"},"function":{"name":"us-central1-api"},"extension":{},"message":"[worker-us-central1-api-66641b46-e8fa-4701-b85a-6d58e30be4f6]: IDLE"}}
[debug] [2024-12-01T17:04:32.456Z] [worker-pool] submitRequest(triggerId=us-central1-api) {"metadata":{"emulator":{"name":"functions"},"message":"[worker-pool] submitRequest(triggerId=us-central1-api)"}}
[info] i  functions: Beginning execution of "us-central1-api" {"metadata":{"emulator":{"name":"functions"},"function":{"name":"us-central1-api"},"extension":{},"message":"Beginning execution of \"us-central1-api\""}}
[debug] [2024-12-01T17:04:32.458Z] [worker-us-central1-api-66641b46-e8fa-4701-b85a-6d58e30be4f6]: BUSY {"metadata":{"emulator":{"name":"functions"},"function":{"name":"us-central1-api"},"extension":{},"message":"[worker-us-central1-api-66641b46-e8fa-4701-b85a-6d58e30be4f6]: BUSY"}}
[info] >  dersual {"user":"dersual","metadata":{"emulator":{"name":"functions"},"function":{"name":"us-central1-api"},"extension":{},"message":"\u001b[90m> \u001b[39m dersual"}}
[info] >  dersual {"user":"dersual","metadata":{"emulator":{"name":"functions"},"function":{"name":"us-central1-api"},"extension":{},"message":"\u001b[90m> \u001b[39m dersual"}}
[debug] [2024-12-01T17:04:36.456Z] Finishing up request with event=pause {"metadata":{"emulator":{"name":"functions"},"function":{"name":"us-central1-api"},"extension":{},"message":"Finishing up request with event=pause"}}
[info] i  functions: Finished "us-central1-api" in 4026.2971ms {"metadata":{"emulator":{"name":"functions"},"function":{"name":"us-central1-api"},"extension":{},"message":"Finished \"us-central1-api\" in 4026.2971ms"}}
[debug] [2024-12-01T17:04:36.458Z] [worker-us-central1-api-5e525646-69df-41f7-b5d5-d579217c87f8]: IDLE {"metadata":{"emulator":{"name":"functions"},"function":{"name":"us-central1-api"},"extension":{},"message":"[worker-us-central1-api-5e525646-69df-41f7-b5d5-d579217c87f8]: IDLE"}}
[debug] [2024-12-01T17:04:36.458Z] Finishing up request with event=finish {"metadata":{"emulator":{"name":"functions"},"function":{"name":"us-central1-api"},"extension":{},"message":"Finishing up request with event=finish"}}
[debug] [2024-12-01T17:04:36.459Z] Finishing up request with event=close {"metadata":{"emulator":{"name":"functions"},"function":{"name":"us-central1-api"},"extension":{},"message":"Finishing up request with event=close"}}
[debug] [2024-12-01T17:04:36.459Z] [work-queue] {"queuedWork":[],"queueLength":0,"runningWork":["/clone-f416e/us-central1/api/payments/create-2024-12-01T17:04:28.695Z"],"workRunningCount":1}
[debug] [2024-12-01T17:04:36.564Z] Finishing up request with event=pause {"metadata":{"emulator":{"name":"functions"},"function":{"name":"us-central1-api"},"extension":{},"message":"Finishing up request with event=pause"}}
[info] i  functions: Finished "us-central1-api" in 4106.5967ms {"metadata":{"emulator":{"name":"functions"},"function":{"name":"us-central1-api"},"extension":{},"message":"Finished \"us-central1-api\" in 4106.5967ms"}}
[debug] [2024-12-01T17:04:36.566Z] [worker-us-central1-api-66641b46-e8fa-4701-b85a-6d58e30be4f6]: IDLE {"metadata":{"emulator":{"name":"functions"},"function":{"name":"us-central1-api"},"extension":{},"message":"[worker-us-central1-api-66641b46-e8fa-4701-b85a-6d58e30be4f6]: IDLE"}}
[debug] [2024-12-01T17:04:36.566Z] Finishing up request with event=finish {"metadata":{"emulator":{"name":"functions"},"function":{"name":"us-central1-api"},"extension":{},"message":"Finishing up request with event=finish"}}
[debug] [2024-12-01T17:04:36.567Z] Finishing up request with event=close {"metadata":{"emulator":{"name":"functions"},"function":{"name":"us-central1-api"},"extension":{},"message":"Finishing up request with event=close"}}
[debug] [2024-12-01T17:04:36.567Z] [work-queue] {"queuedWork":[],"queueLength":0,"runningWork":[],"workRunningCount":0}
